<?xml version="1.0" encoding="UTF-8"?>
<testsuite xmlns:xsi="http://www.w3.org/2001/XMLSchema-instance" xsi:noNamespaceSchemaLocation="https://maven.apache.org/surefire/maven-surefire-plugin/xsd/surefire-test-report-3.0.xsd" version="3.0" name="com.library.AppTest" time="0.036" tests="1" errors="0" skipped="0" failures="0">
  <properties>
    <property name="java.specification.version" value="21"/>
    <property name="sun.cpu.isalist" value="amd64"/>
    <property name="sun.jnu.encoding" value="Cp1252"/>
    <property name="java.class.path" value="F:\Cognizant\dn-skills-practice\Week3_Spring_Core_Maven\Exercise1\librarymanagement\target\test-classes;F:\Cognizant\dn-skills-practice\Week3_Spring_Core_Maven\Exercise1\librarymanagement\target\classes;C:\Users\jeedi\.m2\repository\junit\junit\3.8.1\junit-3.8.1.jar;C:\Users\jeedi\.m2\repository\org\springframework\spring-context\5.3.36\spring-context-5.3.36.jar;C:\Users\jeedi\.m2\repository\org\springframework\spring-aop\5.3.36\spring-aop-5.3.36.jar;C:\Users\jeedi\.m2\repository\org\springframework\spring-beans\5.3.36\spring-beans-5.3.36.jar;C:\Users\jeedi\.m2\repository\org\springframework\spring-core\5.3.36\spring-core-5.3.36.jar;C:\Users\jeedi\.m2\repository\org\springframework\spring-jcl\5.3.36\spring-jcl-5.3.36.jar;C:\Users\jeedi\.m2\repository\org\springframework\spring-expression\5.3.36\spring-expression-5.3.36.jar;"/>
    <property name="java.vm.vendor" value="Oracle Corporation"/>
    <property name="sun.arch.data.model" value="64"/>
    <property name="user.variant" value=""/>
    <property name="java.vendor.url" value="https://java.oracle.com/"/>
    <property name="user.timezone" value="Asia/Calcutta"/>
    <property name="os.name" value="Windows 11"/>
    <property name="java.vm.specification.version" value="21"/>
    <property name="sun.java.launcher" value="SUN_STANDARD"/>
    <property name="user.country" value="IN"/>
    <property name="sun.boot.library.path" value="D:\JAVA-JDK21\bin"/>
    <property name="sun.java.command" value="C:\Users\jeedi\AppData\Local\Temp\surefire18145201094868494473\surefirebooter-20250703213041691_3.jar C:\Users\jeedi\AppData\Local\Temp\surefire18145201094868494473 2025-07-03T21-30-41_480-jvmRun1 surefire-20250703213041691_1tmp surefire_0-20250703213041691_2tmp"/>
    <property name="jdk.debug" value="release"/>
    <property name="surefire.test.class.path" value="F:\Cognizant\dn-skills-practice\Week3_Spring_Core_Maven\Exercise1\librarymanagement\target\test-classes;F:\Cognizant\dn-skills-practice\Week3_Spring_Core_Maven\Exercise1\librarymanagement\target\classes;C:\Users\jeedi\.m2\repository\junit\junit\3.8.1\junit-3.8.1.jar;C:\Users\jeedi\.m2\repository\org\springframework\spring-context\5.3.36\spring-context-5.3.36.jar;C:\Users\jeedi\.m2\repository\org\springframework\spring-aop\5.3.36\spring-aop-5.3.36.jar;C:\Users\jeedi\.m2\repository\org\springframework\spring-beans\5.3.36\spring-beans-5.3.36.jar;C:\Users\jeedi\.m2\repository\org\springframework\spring-core\5.3.36\spring-core-5.3.36.jar;C:\Users\jeedi\.m2\repository\org\springframework\spring-jcl\5.3.36\spring-jcl-5.3.36.jar;C:\Users\jeedi\.m2\repository\org\springframework\spring-expression\5.3.36\spring-expression-5.3.36.jar;"/>
    <property name="sun.cpu.endian" value="little"/>
    <property name="user.home" value="C:\Users\jeedi"/>
    <property name="user.language" value="en"/>
    <property name="java.specification.vendor" value="Oracle Corporation"/>
    <property name="java.version.date" value="2024-01-16"/>
    <property name="java.home" value="D:\JAVA-JDK21"/>
    <property name="file.separator" value="\"/>
    <property name="basedir" value="F:\Cognizant\dn-skills-practice\Week3_Spring_Core_Maven\Exercise1\librarymanagement"/>
    <property name="java.vm.compressedOopsMode" value="Zero based"/>
    <property name="line.separator" value="&#10;"/>
    <property name="java.vm.specification.vendor" value="Oracle Corporation"/>
    <property name="java.specification.name" value="Java Platform API Specification"/>
    <property name="surefire.real.class.path" value="C:\Users\jeedi\AppData\Local\Temp\surefire18145201094868494473\surefirebooter-20250703213041691_3.jar"/>
    <property name="user.script" value=""/>
    <property name="sun.management.compiler" value="HotSpot 64-Bit Tiered Compilers"/>
    <property name="java.runtime.version" value="21.0.2+13-LTS-58"/>
    <property name="user.name" value="jbr"/>
    <property name="stdout.encoding" value="Cp1252"/>
    <property name="path.separator" value=";"/>
    <property name="os.version" value="10.0"/>
    <property name="java.runtime.name" value="Java(TM) SE Runtime Environment"/>
    <property name="file.encoding" value="UTF-8"/>
    <property name="java.vm.name" value="Java HotSpot(TM) 64-Bit Server VM"/>
    <property name="localRepository" value="C:\Users\jeedi\.m2\repository"/>
    <property name="java.vendor.url.bug" value="https://bugreport.java.com/bugreport/"/>
    <property name="java.io.tmpdir" value="C:\Users\jeedi\AppData\Local\Temp\"/>
    <property name="java.version" value="21.0.2"/>
    <property name="user.dir" value="F:\Cognizant\dn-skills-practice\Week3_Spring_Core_Maven\Exercise1\librarymanagement"/>
    <property name="os.arch" value="amd64"/>
    <property name="java.vm.specification.name" value="Java Virtual Machine Specification"/>
    <property name="sun.os.patch.level" value=""/>
    <property name="native.encoding" value="Cp1252"/>
    <property name="java.library.path" value="D:\JAVA-JDK21\bin;C:\WINDOWS\Sun\Java\bin;C:\WINDOWS\system32;C:\WINDOWS;C:\Python313\Scripts\;C:\Python313\;D:\OracleXE\app\oracle\product\10.2.0\server\bin;C:\Python312\Scripts\;C:\Python312\;C:\Program Files\Common Files\Oracle\Java\javapath;C:\WINDOWS\system32;C:\WINDOWS;C:\WINDOWS\System32\Wbem;C:\WINDOWS\System32\WindowsPowerShell\v1.0\;C:\WINDOWS\System32\OpenSSH\;C:\Program Files (x86)\NVIDIA Corporation\PhysX\Common;D:\JAVA-JDK21\bin;C:\Program Files\dotnet\;C:\ProgramData\chocolatey\bin;C:\Users\jeedi\AppData\Roaming\Python\Python312\Scripts;D:\Bharat Intern;C:\Program Files\Java\jdk-23\bin;C:\WINDOWS\system32;C:\WINDOWS;C:\WINDOWS\System32\Wbem;C:\WINDOWS\System32\WindowsPowerShell\v1.0\;C:\WINDOWS\System32\OpenSSH\;C:\Program Files\NVIDIA Corporation\NVIDIA app\NvDLISR;C:\Users\jeedi\AppData\Local\Microsoft\WindowsApps;C:\Users\jeedi\AppData\Local\Programs\Microsoft VS Code\bin;C:\Users\jeedi\AppData\Local\spicetify;C:\Users\jeedi\AppData\Local\GitHubDesktop\bin;C:\Users\jeedi\AppData\Local\Programs\Ollama;C:\Users\jeedi\AppData\Roaming\npm;D:\SpringBoot\apache-maven-3.9.9\bin;C:\Program Files\Git\cmd;C:\Program Files\Docker\Docker\resources\bin;D:\NodeJsEXE\;D:\Anaconda;D:\Anaconda\Library\mingw-w64\bin;D:\Anaconda\Library\usr\bin;D:\Anaconda\Library\bin;D:\Anaconda\Scripts;C:\Users\jeedi\.local\bin;C:\Program Files\MySQL\MySQL Shell 8.0\bin\;C:\Users\jeedi\AppData\Local\Microsoft\WindowsApps;C:\Users\jeedi\AppData\Local\Programs\Microsoft VS Code\bin;C:\Users\jeedi\AppData\Local\spicetify;C:\Users\jeedi\AppData\Local\GitHubDesktop\bin;C:\Users\jeedi\AppData\Local\Programs\Ollama;C:\Program Files\nodejs\node_modules\npm\bin;C:\Program Files\nodejs;C:\Users\jeedi\AppData\Roaming\Python\Python312\Scripts;C:\Users\jeedi\AppData\Local\Microsoft\WindowsApps;D:\intelliJ\IntelliJ IDEA Community Edition 2024.3\bin;C:\Python312;C:\Python312\Scripts;D:\mongoDB\mongoSH\;C:\Users\jeedi\AppData\Roaming\npm;D:\Chrome Downloads\stripe_1.27.0_windows_x86_64\stripe.exe;C:\Users\jeedi\.local\bin;C:\Users\jeedi\AppData\Roaming\Python\Python313\Scripts;c:\Users\jeedi\AppData\Roaming\Code\User\globalStorage\github.copilot-chat\debugCommand;."/>
    <property name="java.vm.info" value="mixed mode, sharing"/>
    <property name="stderr.encoding" value="Cp1252"/>
    <property name="java.vendor" value="Oracle Corporation"/>
    <property name="java.vm.version" value="21.0.2+13-LTS-58"/>
    <property name="sun.io.unicode.encoding" value="UnicodeLittle"/>
    <property name="java.class.version" value="65.0"/>
  </properties>
  <testcase name="testApp" classname="com.library.AppTest" time="0.006"/>
</testsuite>